Analysis & Synthesis report for lab8
Tue May  9 13:49:58 2017
Quartus II 32-bit Version 13.0.1 Build 232 06/12/2013 Service Pack 1 SJ Web Edition


---------------------
; Table of Contents ;
---------------------
  1. Legal Notice
  2. Analysis & Synthesis Summary
  3. Analysis & Synthesis Settings
  4. Parallel Compilation
  5. Analysis & Synthesis Source Files Read
  6. Analysis & Synthesis Resource Usage Summary
  7. Analysis & Synthesis Resource Utilization by Entity
  8. User-Specified and Inferred Latches
  9. Registers Removed During Synthesis
 10. Removed Registers Triggering Further Register Optimizations
 11. General Register Statistics
 12. Multiplexer Restructuring Statistics (Restructuring Performed)
 13. Parameter Settings for User Entity Instance: test:adapt_clock|ClockDivider:adapt_clock
 14. Port Connectivity Checks: "test:adapt_clock|mod10:hour2"
 15. Port Connectivity Checks: "test:adapt_clock|mod10:hour1"
 16. Port Connectivity Checks: "test:adapt_clock|mod10:minute2"
 17. Port Connectivity Checks: "test:adapt_clock|mod10:minute1"
 18. Port Connectivity Checks: "test:adapt_clock|mod10:second2"
 19. Port Connectivity Checks: "test:adapt_clock|mod10:second1"
 20. Port Connectivity Checks: "test:adapt_clock"
 21. Elapsed Time Per Partition
 22. Analysis & Synthesis Messages



----------------
; Legal Notice ;
----------------
Copyright (C) 1991-2013 Altera Corporation
Your use of Altera Corporation's design tools, logic functions 
and other software and tools, and its AMPP partner logic 
functions, and any output files from any of the foregoing 
(including device programming or simulation files), and any 
associated documentation or information are expressly subject 
to the terms and conditions of the Altera Program License 
Subscription Agreement, Altera MegaCore Function License 
Agreement, or other applicable license agreement, including, 
without limitation, that your use is for the sole purpose of 
programming logic devices manufactured by Altera and sold by 
Altera or its authorized distributors.  Please refer to the 
applicable agreement for further details.



+--------------------------------------------------------------------------------------+
; Analysis & Synthesis Summary                                                         ;
+------------------------------------+-------------------------------------------------+
; Analysis & Synthesis Status        ; Successful - Tue May  9 13:49:58 2017           ;
; Quartus II 32-bit Version          ; 13.0.1 Build 232 06/12/2013 SP 1 SJ Web Edition ;
; Revision Name                      ; lab8                                            ;
; Top-level Entity Name              ; demo_setup                                      ;
; Family                             ; Cyclone II                                      ;
; Total logic elements               ; 162                                             ;
;     Total combinational functions  ; 158                                             ;
;     Dedicated logic registers      ; 41                                              ;
; Total registers                    ; 41                                              ;
; Total pins                         ; 61                                              ;
; Total virtual pins                 ; 0                                               ;
; Total memory bits                  ; 0                                               ;
; Embedded Multiplier 9-bit elements ; 0                                               ;
; Total PLLs                         ; 0                                               ;
+------------------------------------+-------------------------------------------------+


+----------------------------------------------------------------------------------------------------------------------+
; Analysis & Synthesis Settings                                                                                        ;
+----------------------------------------------------------------------------+--------------------+--------------------+
; Option                                                                     ; Setting            ; Default Value      ;
+----------------------------------------------------------------------------+--------------------+--------------------+
; Device                                                                     ; EP2C20F484C7       ;                    ;
; Top-level entity name                                                      ; demo_setup         ; lab8               ;
; Family name                                                                ; Cyclone II         ; Cyclone IV GX      ;
; Use smart compilation                                                      ; Off                ; Off                ;
; Enable parallel Assembler and TimeQuest Timing Analyzer during compilation ; On                 ; On                 ;
; Enable compact report table                                                ; Off                ; Off                ;
; Restructure Multiplexers                                                   ; Auto               ; Auto               ;
; Create Debugging Nodes for IP Cores                                        ; Off                ; Off                ;
; Preserve fewer node names                                                  ; On                 ; On                 ;
; Disable OpenCore Plus hardware evaluation                                  ; Off                ; Off                ;
; Verilog Version                                                            ; Verilog_2001       ; Verilog_2001       ;
; VHDL Version                                                               ; VHDL_1993          ; VHDL_1993          ;
; State Machine Processing                                                   ; Auto               ; Auto               ;
; Safe State Machine                                                         ; Off                ; Off                ;
; Extract Verilog State Machines                                             ; On                 ; On                 ;
; Extract VHDL State Machines                                                ; On                 ; On                 ;
; Ignore Verilog initial constructs                                          ; Off                ; Off                ;
; Iteration limit for constant Verilog loops                                 ; 5000               ; 5000               ;
; Iteration limit for non-constant Verilog loops                             ; 250                ; 250                ;
; Add Pass-Through Logic to Inferred RAMs                                    ; On                 ; On                 ;
; Infer RAMs from Raw Logic                                                  ; On                 ; On                 ;
; Parallel Synthesis                                                         ; On                 ; On                 ;
; DSP Block Balancing                                                        ; Auto               ; Auto               ;
; NOT Gate Push-Back                                                         ; On                 ; On                 ;
; Power-Up Don't Care                                                        ; On                 ; On                 ;
; Remove Redundant Logic Cells                                               ; Off                ; Off                ;
; Remove Duplicate Registers                                                 ; On                 ; On                 ;
; Ignore CARRY Buffers                                                       ; Off                ; Off                ;
; Ignore CASCADE Buffers                                                     ; Off                ; Off                ;
; Ignore GLOBAL Buffers                                                      ; Off                ; Off                ;
; Ignore ROW GLOBAL Buffers                                                  ; Off                ; Off                ;
; Ignore LCELL Buffers                                                       ; Off                ; Off                ;
; Ignore SOFT Buffers                                                        ; On                 ; On                 ;
; Limit AHDL Integers to 32 Bits                                             ; Off                ; Off                ;
; Optimization Technique                                                     ; Balanced           ; Balanced           ;
; Carry Chain Length                                                         ; 70                 ; 70                 ;
; Auto Carry Chains                                                          ; On                 ; On                 ;
; Auto Open-Drain Pins                                                       ; On                 ; On                 ;
; Perform WYSIWYG Primitive Resynthesis                                      ; Off                ; Off                ;
; Auto ROM Replacement                                                       ; On                 ; On                 ;
; Auto RAM Replacement                                                       ; On                 ; On                 ;
; Auto Shift Register Replacement                                            ; Auto               ; Auto               ;
; Allow Shift Register Merging across Hierarchies                            ; Auto               ; Auto               ;
; Auto Clock Enable Replacement                                              ; On                 ; On                 ;
; Strict RAM Replacement                                                     ; Off                ; Off                ;
; Allow Synchronous Control Signals                                          ; On                 ; On                 ;
; Force Use of Synchronous Clear Signals                                     ; Off                ; Off                ;
; Auto RAM to Logic Cell Conversion                                          ; Off                ; Off                ;
; Auto Resource Sharing                                                      ; Off                ; Off                ;
; Allow Any RAM Size For Recognition                                         ; Off                ; Off                ;
; Allow Any ROM Size For Recognition                                         ; Off                ; Off                ;
; Allow Any Shift Register Size For Recognition                              ; Off                ; Off                ;
; Use LogicLock Constraints during Resource Balancing                        ; On                 ; On                 ;
; Ignore translate_off and synthesis_off directives                          ; Off                ; Off                ;
; Timing-Driven Synthesis                                                    ; Off                ; Off                ;
; Report Parameter Settings                                                  ; On                 ; On                 ;
; Report Source Assignments                                                  ; On                 ; On                 ;
; Report Connectivity Checks                                                 ; On                 ; On                 ;
; Ignore Maximum Fan-Out Assignments                                         ; Off                ; Off                ;
; Synchronization Register Chain Length                                      ; 2                  ; 2                  ;
; PowerPlay Power Optimization                                               ; Normal compilation ; Normal compilation ;
; HDL message level                                                          ; Level2             ; Level2             ;
; Suppress Register Optimization Related Messages                            ; Off                ; Off                ;
; Number of Removed Registers Reported in Synthesis Report                   ; 5000               ; 5000               ;
; Number of Swept Nodes Reported in Synthesis Report                         ; 5000               ; 5000               ;
; Number of Inverted Registers Reported in Synthesis Report                  ; 100                ; 100                ;
; Clock MUX Protection                                                       ; On                 ; On                 ;
; Auto Gated Clock Conversion                                                ; Off                ; Off                ;
; Block Design Naming                                                        ; Auto               ; Auto               ;
; SDC constraint protection                                                  ; Off                ; Off                ;
; Synthesis Effort                                                           ; Auto               ; Auto               ;
; Shift Register Replacement - Allow Asynchronous Clear Signal               ; On                 ; On                 ;
; Pre-Mapping Resynthesis Optimization                                       ; Off                ; Off                ;
; Analysis & Synthesis Message Level                                         ; Medium             ; Medium             ;
; Disable Register Merging Across Hierarchies                                ; Auto               ; Auto               ;
; Resource Aware Inference For Block RAM                                     ; On                 ; On                 ;
; Synthesis Seed                                                             ; 1                  ; 1                  ;
+----------------------------------------------------------------------------+--------------------+--------------------+


Parallel compilation was disabled, but you have multiple processors available. Enable parallel compilation to reduce compilation time.
+-------------------------------------+
; Parallel Compilation                ;
+----------------------------+--------+
; Processors                 ; Number ;
+----------------------------+--------+
; Number detected on machine ; 4      ;
; Maximum allowed            ; 1      ;
+----------------------------+--------+


+-----------------------------------------------------------------------------------------------------------------------------------------+
; Analysis & Synthesis Source Files Read                                                                                                  ;
+----------------------------------+-----------------+-----------------+--------------------------------------------------------+---------+
; File Name with User-Entered Path ; Used in Netlist ; File Type       ; File Name with Absolute Path                           ; Library ;
+----------------------------------+-----------------+-----------------+--------------------------------------------------------+---------+
; test.vhd                         ; yes             ; User VHDL File  ; /home/ec2015/ra169767/prog/mc613/lab8/test.vhd         ;         ;
; display_7seg.vhd                 ; yes             ; User VHDL File  ; /home/ec2015/ra169767/prog/mc613/lab8/display_7seg.vhd ;         ;
; mod10.vhd                        ; yes             ; User VHDL File  ; /home/ec2015/ra169767/prog/mc613/lab8/mod10.vhd        ;         ;
; demo_setup.vhd                   ; yes             ; User VHDL File  ; /home/ec2015/ra169767/prog/mc613/lab8/demo_setup.vhd   ;         ;
; Shifter.vhd                      ; yes             ; User VHDL File  ; /home/ec2015/ra169767/prog/mc613/lab8/Shifter.vhd      ;         ;
; ClockDivider.vhd                 ; yes             ; User VHDL File  ; /home/ec2015/ra169767/prog/mc613/lab8/ClockDivider.vhd ;         ;
+----------------------------------+-----------------+-----------------+--------------------------------------------------------+---------+


+--------------------------------------------------------+
; Analysis & Synthesis Resource Usage Summary            ;
+---------------------------------------------+----------+
; Resource                                    ; Usage    ;
+---------------------------------------------+----------+
; Estimated Total logic elements              ; 162      ;
;                                             ;          ;
; Total combinational functions               ; 158      ;
; Logic element usage by number of LUT inputs ;          ;
;     -- 4 input functions                    ; 76       ;
;     -- 3 input functions                    ; 44       ;
;     -- <=2 input functions                  ; 38       ;
;                                             ;          ;
; Logic elements by mode                      ;          ;
;     -- normal mode                          ; 127      ;
;     -- arithmetic mode                      ; 31       ;
;                                             ;          ;
; Total registers                             ; 41       ;
;     -- Dedicated logic registers            ; 41       ;
;     -- I/O registers                        ; 0        ;
;                                             ;          ;
; I/O pins                                    ; 61       ;
; Embedded Multiplier 9-bit elements          ; 0        ;
; Maximum fan-out node                        ; CLOCK_50 ;
; Maximum fan-out                             ; 33       ;
; Total fan-out                               ; 653      ;
; Average fan-out                             ; 2.51     ;
+---------------------------------------------+----------+


+---------------------------------------------------------------------------------------------------------------------------------------------------------------------------------------------------------------------+
; Analysis & Synthesis Resource Utilization by Entity                                                                                                                                                                 ;
+----------------------------------+-------------------+--------------+-------------+--------------+---------+-----------+------+--------------+-------------------------------------------------------+--------------+
; Compilation Hierarchy Node       ; LC Combinationals ; LC Registers ; Memory Bits ; DSP Elements ; DSP 9x9 ; DSP 18x18 ; Pins ; Virtual Pins ; Full Hierarchy Name                                   ; Library Name ;
+----------------------------------+-------------------+--------------+-------------+--------------+---------+-----------+------+--------------+-------------------------------------------------------+--------------+
; |demo_setup                      ; 158 (0)           ; 41 (0)       ; 0           ; 0            ; 0       ; 0         ; 61   ; 0            ; |demo_setup                                           ; work         ;
;    |test:adapt_clock|            ; 158 (71)          ; 41 (0)       ; 0           ; 0            ; 0       ; 0         ; 0    ; 0            ; |demo_setup|test:adapt_clock                          ; work         ;
;       |ClockDivider:adapt_clock| ; 55 (55)           ; 33 (33)      ; 0           ; 0            ; 0       ; 0         ; 0    ; 0            ; |demo_setup|test:adapt_clock|ClockDivider:adapt_clock ; work         ;
;       |display_7seg:display_0|   ; 7 (7)             ; 0 (0)        ; 0           ; 0            ; 0       ; 0         ; 0    ; 0            ; |demo_setup|test:adapt_clock|display_7seg:display_0   ; work         ;
;       |display_7seg:display_1|   ; 7 (7)             ; 0 (0)        ; 0           ; 0            ; 0       ; 0         ; 0    ; 0            ; |demo_setup|test:adapt_clock|display_7seg:display_1   ; work         ;
;       |display_7seg:display_2|   ; 7 (7)             ; 0 (0)        ; 0           ; 0            ; 0       ; 0         ; 0    ; 0            ; |demo_setup|test:adapt_clock|display_7seg:display_2   ; work         ;
;       |display_7seg:display_3|   ; 7 (7)             ; 0 (0)        ; 0           ; 0            ; 0       ; 0         ; 0    ; 0            ; |demo_setup|test:adapt_clock|display_7seg:display_3   ; work         ;
;       |mod10:second1|            ; 4 (4)             ; 8 (8)        ; 0           ; 0            ; 0       ; 0         ; 0    ; 0            ; |demo_setup|test:adapt_clock|mod10:second1            ; work         ;
+----------------------------------+-------------------+--------------+-------------+--------------+---------+-----------+------+--------------+-------------------------------------------------------+--------------+
Note: For table entries with two numbers listed, the numbers in parentheses indicate the number of resources of the given type used by the specific entity alone. The numbers listed outside of parentheses indicate the total resources of the given type used by the specific entity and all of its sub-entities in the hierarchy.


+------------------------------------------------------------------------------------------------------------------+
; User-Specified and Inferred Latches                                                                              ;
+-----------------------------------------------------+-----------------------------------+------------------------+
; Latch Name                                          ; Latch Enable Signal               ; Free of Timing Hazards ;
+-----------------------------------------------------+-----------------------------------+------------------------+
; test:adapt_clock|var_load_min1[0]                   ; test:adapt_clock|var_load_min1[3] ; yes                    ;
; test:adapt_clock|var_load_min1[1]                   ; test:adapt_clock|var_load_min1[3] ; yes                    ;
; test:adapt_clock|var_load_min1[2]                   ; test:adapt_clock|var_load_min1[3] ; yes                    ;
; test:adapt_clock|var_load_min1[3]                   ; test:adapt_clock|var_load_min1[3] ; yes                    ;
; test:adapt_clock|var_load_min2[0]                   ; test:adapt_clock|var_load_min2[3] ; yes                    ;
; test:adapt_clock|var_load_sec2[0]                   ; test:adapt_clock|var_load_sec2[1] ; yes                    ;
; test:adapt_clock|var_load_min2[1]                   ; test:adapt_clock|var_load_min2[3] ; yes                    ;
; test:adapt_clock|var_load_sec2[1]                   ; test:adapt_clock|var_load_sec2[1] ; yes                    ;
; test:adapt_clock|var_load_min2[2]                   ; test:adapt_clock|var_load_min2[3] ; yes                    ;
; test:adapt_clock|var_load_sec2[2]                   ; test:adapt_clock|var_load_sec2[1] ; yes                    ;
; test:adapt_clock|var_load_min2[3]                   ; test:adapt_clock|var_load_min2[3] ; yes                    ;
; test:adapt_clock|var_load_sec2[3]                   ; test:adapt_clock|var_load_sec2[1] ; yes                    ;
; test:adapt_clock|var_load_h1[0]                     ; test:adapt_clock|var_load_h1[3]   ; yes                    ;
; test:adapt_clock|var_load_h1[1]                     ; test:adapt_clock|var_load_h1[3]   ; yes                    ;
; test:adapt_clock|var_load_h1[2]                     ; test:adapt_clock|var_load_h1[3]   ; yes                    ;
; test:adapt_clock|var_load_h1[3]                     ; test:adapt_clock|var_load_h1[3]   ; yes                    ;
; test:adapt_clock|var_load_h2[0]                     ; test:adapt_clock|var_load_h2[3]   ; yes                    ;
; test:adapt_clock|var_load_h2[1]                     ; test:adapt_clock|var_load_h2[3]   ; yes                    ;
; test:adapt_clock|var_load_h2[2]                     ; test:adapt_clock|var_load_h2[3]   ; yes                    ;
; test:adapt_clock|var_load_h2[3]                     ; test:adapt_clock|var_load_h2[3]   ; yes                    ;
; Number of user-specified and inferred latches = 20  ;                                   ;                        ;
+-----------------------------------------------------+-----------------------------------+------------------------+
Note: All latches listed above may not be present at the end of synthesis due to various synthesis optimizations.


+-------------------------------------------------------------------------------------+
; Registers Removed During Synthesis                                                  ;
+----------------------------------------------+--------------------------------------+
; Register name                                ; Reason for Removal                   ;
+----------------------------------------------+--------------------------------------+
; test:adapt_clock|mod10:hour2|output[0..3]    ; Stuck at VCC due to stuck port aload ;
; test:adapt_clock|mod10:hour1|output[0..3]    ; Stuck at VCC due to stuck port aload ;
; test:adapt_clock|mod10:minute2|output[0..3]  ; Stuck at VCC due to stuck port aload ;
; test:adapt_clock|mod10:minute1|output[0..3]  ; Stuck at VCC due to stuck port aload ;
; test:adapt_clock|mod10:second2|output[0..3]  ; Stuck at VCC due to stuck port aload ;
; test:adapt_clock|mod10:hour2|Counter[0..3]   ; Lost fanout                          ;
; test:adapt_clock|mod10:hour1|Counter[0..3]   ; Lost fanout                          ;
; test:adapt_clock|mod10:minute2|Counter[0..3] ; Lost fanout                          ;
; test:adapt_clock|mod10:minute1|Counter[0..3] ; Lost fanout                          ;
; test:adapt_clock|mod10:second2|Counter[0..3] ; Lost fanout                          ;
; Total Number of Removed Registers = 40       ;                                      ;
+----------------------------------------------+--------------------------------------+


+----------------------------------------------------------------------------------------------------------------+
; Removed Registers Triggering Further Register Optimizations                                                    ;
+------------------------------------------+-------------------------+-------------------------------------------+
; Register name                            ; Reason for Removal      ; Registers Removed due to This Register    ;
+------------------------------------------+-------------------------+-------------------------------------------+
; test:adapt_clock|mod10:hour2|output[0]   ; Stuck at VCC            ; test:adapt_clock|mod10:hour2|Counter[0]   ;
;                                          ; due to stuck port aload ;                                           ;
; test:adapt_clock|mod10:hour2|output[3]   ; Stuck at VCC            ; test:adapt_clock|mod10:hour2|Counter[3]   ;
;                                          ; due to stuck port aload ;                                           ;
; test:adapt_clock|mod10:hour2|output[2]   ; Stuck at VCC            ; test:adapt_clock|mod10:hour2|Counter[2]   ;
;                                          ; due to stuck port aload ;                                           ;
; test:adapt_clock|mod10:hour2|output[1]   ; Stuck at VCC            ; test:adapt_clock|mod10:hour2|Counter[1]   ;
;                                          ; due to stuck port aload ;                                           ;
; test:adapt_clock|mod10:hour1|output[0]   ; Stuck at VCC            ; test:adapt_clock|mod10:hour1|Counter[0]   ;
;                                          ; due to stuck port aload ;                                           ;
; test:adapt_clock|mod10:hour1|output[3]   ; Stuck at VCC            ; test:adapt_clock|mod10:hour1|Counter[3]   ;
;                                          ; due to stuck port aload ;                                           ;
; test:adapt_clock|mod10:hour1|output[2]   ; Stuck at VCC            ; test:adapt_clock|mod10:hour1|Counter[2]   ;
;                                          ; due to stuck port aload ;                                           ;
; test:adapt_clock|mod10:hour1|output[1]   ; Stuck at VCC            ; test:adapt_clock|mod10:hour1|Counter[1]   ;
;                                          ; due to stuck port aload ;                                           ;
; test:adapt_clock|mod10:minute2|output[0] ; Stuck at VCC            ; test:adapt_clock|mod10:minute2|Counter[0] ;
;                                          ; due to stuck port aload ;                                           ;
; test:adapt_clock|mod10:minute2|output[3] ; Stuck at VCC            ; test:adapt_clock|mod10:minute2|Counter[3] ;
;                                          ; due to stuck port aload ;                                           ;
; test:adapt_clock|mod10:minute2|output[2] ; Stuck at VCC            ; test:adapt_clock|mod10:minute2|Counter[2] ;
;                                          ; due to stuck port aload ;                                           ;
; test:adapt_clock|mod10:minute2|output[1] ; Stuck at VCC            ; test:adapt_clock|mod10:minute2|Counter[1] ;
;                                          ; due to stuck port aload ;                                           ;
; test:adapt_clock|mod10:minute1|output[0] ; Stuck at VCC            ; test:adapt_clock|mod10:minute1|Counter[0] ;
;                                          ; due to stuck port aload ;                                           ;
; test:adapt_clock|mod10:minute1|output[3] ; Stuck at VCC            ; test:adapt_clock|mod10:minute1|Counter[3] ;
;                                          ; due to stuck port aload ;                                           ;
; test:adapt_clock|mod10:minute1|output[2] ; Stuck at VCC            ; test:adapt_clock|mod10:minute1|Counter[2] ;
;                                          ; due to stuck port aload ;                                           ;
; test:adapt_clock|mod10:minute1|output[1] ; Stuck at VCC            ; test:adapt_clock|mod10:minute1|Counter[1] ;
;                                          ; due to stuck port aload ;                                           ;
; test:adapt_clock|mod10:second2|output[0] ; Stuck at VCC            ; test:adapt_clock|mod10:second2|Counter[0] ;
;                                          ; due to stuck port aload ;                                           ;
; test:adapt_clock|mod10:second2|output[3] ; Stuck at VCC            ; test:adapt_clock|mod10:second2|Counter[3] ;
;                                          ; due to stuck port aload ;                                           ;
; test:adapt_clock|mod10:second2|output[2] ; Stuck at VCC            ; test:adapt_clock|mod10:second2|Counter[2] ;
;                                          ; due to stuck port aload ;                                           ;
; test:adapt_clock|mod10:second2|output[1] ; Stuck at VCC            ; test:adapt_clock|mod10:second2|Counter[1] ;
;                                          ; due to stuck port aload ;                                           ;
+------------------------------------------+-------------------------+-------------------------------------------+


+------------------------------------------------------+
; General Register Statistics                          ;
+----------------------------------------------+-------+
; Statistic                                    ; Value ;
+----------------------------------------------+-------+
; Total registers                              ; 41    ;
; Number of registers using Synchronous Clear  ; 32    ;
; Number of registers using Synchronous Load   ; 0     ;
; Number of registers using Asynchronous Clear ; 0     ;
; Number of registers using Asynchronous Load  ; 0     ;
; Number of registers using Clock Enable       ; 0     ;
; Number of registers using Preset             ; 0     ;
+----------------------------------------------+-------+


+--------------------------------------------------------------------------------------------------------------------------------------------------------------------------------+
; Multiplexer Restructuring Statistics (Restructuring Performed)                                                                                                                 ;
+--------------------+-----------+---------------+----------------------+------------------------+------------+------------------------------------------------------------------+
; Multiplexer Inputs ; Bus Width ; Baseline Area ; Area if Restructured ; Saving if Restructured ; Registered ; Example Multiplexer Output                                       ;
+--------------------+-----------+---------------+----------------------+------------------------+------------+------------------------------------------------------------------+
; 3:1                ; 32 bits   ; 64 LEs        ; 32 LEs               ; 32 LEs                 ; Yes        ; |demo_setup|test:adapt_clock|ClockDivider:adapt_clock|Counter[9] ;
; 3:1                ; 4 bits    ; 8 LEs         ; 4 LEs                ; 4 LEs                  ; No         ; |demo_setup|test:adapt_clock|var_load_min2[1]                    ;
; 3:1                ; 4 bits    ; 8 LEs         ; 4 LEs                ; 4 LEs                  ; No         ; |demo_setup|test:adapt_clock|var_load_sec2[2]                    ;
+--------------------+-----------+---------------+----------------------+------------------------+------------+------------------------------------------------------------------+


+----------------------------------------------------------------------------------------+
; Parameter Settings for User Entity Instance: test:adapt_clock|ClockDivider:adapt_clock ;
+----------------+----------+------------------------------------------------------------+
; Parameter Name ; Value    ; Type                                                       ;
+----------------+----------+------------------------------------------------------------+
; N              ; 50000000 ; Signed Integer                                             ;
+----------------+----------+------------------------------------------------------------+
Note: In order to hide this table in the UI and the text report file, please set the "Show Parameter Settings in Synthesis Report" option in "Analysis and Synthesis Settings -> More Settings" to "Off".


+----------------------------------------------------------+
; Port Connectivity Checks: "test:adapt_clock|mod10:hour2" ;
+--------+-------+----------+------------------------------+
; Port   ; Type  ; Severity ; Details                      ;
+--------+-------+----------+------------------------------+
; enable ; Input ; Info     ; Stuck at VCC                 ;
; mode   ; Input ; Info     ; Stuck at VCC                 ;
+--------+-------+----------+------------------------------+


+----------------------------------------------------------+
; Port Connectivity Checks: "test:adapt_clock|mod10:hour1" ;
+--------+-------+----------+------------------------------+
; Port   ; Type  ; Severity ; Details                      ;
+--------+-------+----------+------------------------------+
; enable ; Input ; Info     ; Stuck at VCC                 ;
; mode   ; Input ; Info     ; Stuck at VCC                 ;
+--------+-------+----------+------------------------------+


+------------------------------------------------------------+
; Port Connectivity Checks: "test:adapt_clock|mod10:minute2" ;
+--------+-------+----------+--------------------------------+
; Port   ; Type  ; Severity ; Details                        ;
+--------+-------+----------+--------------------------------+
; enable ; Input ; Info     ; Stuck at VCC                   ;
; mode   ; Input ; Info     ; Stuck at VCC                   ;
+--------+-------+----------+--------------------------------+


+------------------------------------------------------------+
; Port Connectivity Checks: "test:adapt_clock|mod10:minute1" ;
+--------+-------+----------+--------------------------------+
; Port   ; Type  ; Severity ; Details                        ;
+--------+-------+----------+--------------------------------+
; enable ; Input ; Info     ; Stuck at VCC                   ;
; mode   ; Input ; Info     ; Stuck at VCC                   ;
+--------+-------+----------+--------------------------------+


+------------------------------------------------------------+
; Port Connectivity Checks: "test:adapt_clock|mod10:second2" ;
+--------+-------+----------+--------------------------------+
; Port   ; Type  ; Severity ; Details                        ;
+--------+-------+----------+--------------------------------+
; enable ; Input ; Info     ; Stuck at VCC                   ;
; mode   ; Input ; Info     ; Stuck at VCC                   ;
+--------+-------+----------+--------------------------------+


+------------------------------------------------------------+
; Port Connectivity Checks: "test:adapt_clock|mod10:second1" ;
+--------+-------+----------+--------------------------------+
; Port   ; Type  ; Severity ; Details                        ;
+--------+-------+----------+--------------------------------+
; enable ; Input ; Info     ; Stuck at VCC                   ;
; mode   ; Input ; Info     ; Stuck at GND                   ;
; load   ; Input ; Info     ; Stuck at GND                   ;
+--------+-------+----------+--------------------------------+


+----------------------------------------------+
; Port Connectivity Checks: "test:adapt_clock" ;
+------------+-------+----------+--------------+
; Port       ; Type  ; Severity ; Details      ;
+------------+-------+----------+--------------+
; load       ; Input ; Info     ; Stuck at GND ;
; load_value ; Input ; Info     ; Stuck at GND ;
; load_digit ; Input ; Info     ; Stuck at GND ;
+------------+-------+----------+--------------+


+-------------------------------+
; Elapsed Time Per Partition    ;
+----------------+--------------+
; Partition Name ; Elapsed Time ;
+----------------+--------------+
; Top            ; 00:00:00     ;
+----------------+--------------+


+-------------------------------+
; Analysis & Synthesis Messages ;
+-------------------------------+
Info: *******************************************************************
Info: Running Quartus II 32-bit Analysis & Synthesis
    Info: Version 13.0.1 Build 232 06/12/2013 Service Pack 1 SJ Web Edition
    Info: Processing started: Tue May  9 13:49:56 2017
Info: Command: quartus_map --read_settings_files=on --write_settings_files=off lab8 -c lab8
Warning (20028): Parallel compilation is not licensed and has been disabled
Info (12021): Found 2 design units, including 1 entities, in source file test.vhd
    Info (12022): Found design unit 1: test-Comportamento
    Info (12023): Found entity 1: test
Info (12021): Found 2 design units, including 1 entities, in source file display_7seg.vhd
    Info (12022): Found design unit 1: display_7seg-Behavior
    Info (12023): Found entity 1: display_7seg
Info (12021): Found 2 design units, including 1 entities, in source file mod10.vhd
    Info (12022): Found design unit 1: mod10-Behaviour
    Info (12023): Found entity 1: mod10
Info (12021): Found 2 design units, including 1 entities, in source file demo_setup.vhd
    Info (12022): Found design unit 1: demo_setup-Comportamento
    Info (12023): Found entity 1: demo_setup
Info (12021): Found 2 design units, including 1 entities, in source file Shifter.vhd
    Info (12022): Found design unit 1: Shifter-Behaviour
    Info (12023): Found entity 1: Shifter
Info (12021): Found 2 design units, including 1 entities, in source file ClockDivider.vhd
    Info (12022): Found design unit 1: ClockDivider-Behaviour
    Info (12023): Found entity 1: ClockDivider
Info (12127): Elaborating entity "demo_setup" for the top level hierarchy
Warning (10541): VHDL Signal Declaration warning at demo_setup.vhd(9): used implicit default value for signal "LEDR" because signal was never assigned a value or an explicit default value. Use of implicit default value may introduce unintended design optimizations.
Warning (10541): VHDL Signal Declaration warning at demo_setup.vhd(10): used implicit default value for signal "LEDG" because signal was never assigned a value or an explicit default value. Use of implicit default value may introduce unintended design optimizations.
Info (12128): Elaborating entity "test" for hierarchy "test:adapt_clock"
Warning (10492): VHDL Process Statement warning at test.vhd(47): signal "sec1" is read inside the Process Statement but isn't in the Process Statement's sensitivity list
Warning (10492): VHDL Process Statement warning at test.vhd(48): signal "sec2" is read inside the Process Statement but isn't in the Process Statement's sensitivity list
Warning (10492): VHDL Process Statement warning at test.vhd(49): signal "min1" is read inside the Process Statement but isn't in the Process Statement's sensitivity list
Warning (10492): VHDL Process Statement warning at test.vhd(50): signal "min2" is read inside the Process Statement but isn't in the Process Statement's sensitivity list
Warning (10492): VHDL Process Statement warning at test.vhd(51): signal "h1" is read inside the Process Statement but isn't in the Process Statement's sensitivity list
Warning (10492): VHDL Process Statement warning at test.vhd(52): signal "h2" is read inside the Process Statement but isn't in the Process Statement's sensitivity list
Warning (10492): VHDL Process Statement warning at test.vhd(55): signal "sec1" is read inside the Process Statement but isn't in the Process Statement's sensitivity list
Warning (10492): VHDL Process Statement warning at test.vhd(56): signal "sec2" is read inside the Process Statement but isn't in the Process Statement's sensitivity list
Warning (10492): VHDL Process Statement warning at test.vhd(59): signal "sec2" is read inside the Process Statement but isn't in the Process Statement's sensitivity list
Warning (10492): VHDL Process Statement warning at test.vhd(59): signal "sec1" is read inside the Process Statement but isn't in the Process Statement's sensitivity list
Warning (10492): VHDL Process Statement warning at test.vhd(60): signal "min1" is read inside the Process Statement but isn't in the Process Statement's sensitivity list
Warning (10492): VHDL Process Statement warning at test.vhd(64): signal "min1" is read inside the Process Statement but isn't in the Process Statement's sensitivity list
Warning (10492): VHDL Process Statement warning at test.vhd(64): signal "sec2" is read inside the Process Statement but isn't in the Process Statement's sensitivity list
Warning (10492): VHDL Process Statement warning at test.vhd(64): signal "sec1" is read inside the Process Statement but isn't in the Process Statement's sensitivity list
Warning (10492): VHDL Process Statement warning at test.vhd(65): signal "min2" is read inside the Process Statement but isn't in the Process Statement's sensitivity list
Warning (10492): VHDL Process Statement warning at test.vhd(68): signal "min2" is read inside the Process Statement but isn't in the Process Statement's sensitivity list
Warning (10492): VHDL Process Statement warning at test.vhd(68): signal "min1" is read inside the Process Statement but isn't in the Process Statement's sensitivity list
Warning (10492): VHDL Process Statement warning at test.vhd(68): signal "sec2" is read inside the Process Statement but isn't in the Process Statement's sensitivity list
Warning (10492): VHDL Process Statement warning at test.vhd(68): signal "sec1" is read inside the Process Statement but isn't in the Process Statement's sensitivity list
Warning (10492): VHDL Process Statement warning at test.vhd(69): signal "h1" is read inside the Process Statement but isn't in the Process Statement's sensitivity list
Warning (10492): VHDL Process Statement warning at test.vhd(73): signal "h1" is read inside the Process Statement but isn't in the Process Statement's sensitivity list
Warning (10492): VHDL Process Statement warning at test.vhd(73): signal "min2" is read inside the Process Statement but isn't in the Process Statement's sensitivity list
Warning (10492): VHDL Process Statement warning at test.vhd(73): signal "min1" is read inside the Process Statement but isn't in the Process Statement's sensitivity list
Warning (10492): VHDL Process Statement warning at test.vhd(73): signal "sec2" is read inside the Process Statement but isn't in the Process Statement's sensitivity list
Warning (10492): VHDL Process Statement warning at test.vhd(73): signal "sec1" is read inside the Process Statement but isn't in the Process Statement's sensitivity list
Warning (10492): VHDL Process Statement warning at test.vhd(74): signal "h2" is read inside the Process Statement but isn't in the Process Statement's sensitivity list
Warning (10492): VHDL Process Statement warning at test.vhd(77): signal "h2" is read inside the Process Statement but isn't in the Process Statement's sensitivity list
Warning (10492): VHDL Process Statement warning at test.vhd(77): signal "h1" is read inside the Process Statement but isn't in the Process Statement's sensitivity list
Warning (10492): VHDL Process Statement warning at test.vhd(77): signal "min2" is read inside the Process Statement but isn't in the Process Statement's sensitivity list
Warning (10492): VHDL Process Statement warning at test.vhd(77): signal "min1" is read inside the Process Statement but isn't in the Process Statement's sensitivity list
Warning (10492): VHDL Process Statement warning at test.vhd(77): signal "sec2" is read inside the Process Statement but isn't in the Process Statement's sensitivity list
Warning (10492): VHDL Process Statement warning at test.vhd(77): signal "sec1" is read inside the Process Statement but isn't in the Process Statement's sensitivity list
Warning (10631): VHDL Process Statement warning at test.vhd(43): inferring latch(es) for signal or variable "var_load_sec2", which holds its previous value in one or more paths through the process
Warning (10631): VHDL Process Statement warning at test.vhd(43): inferring latch(es) for signal or variable "var_load_min1", which holds its previous value in one or more paths through the process
Warning (10631): VHDL Process Statement warning at test.vhd(43): inferring latch(es) for signal or variable "var_load_min2", which holds its previous value in one or more paths through the process
Warning (10631): VHDL Process Statement warning at test.vhd(43): inferring latch(es) for signal or variable "var_load_h1", which holds its previous value in one or more paths through the process
Warning (10631): VHDL Process Statement warning at test.vhd(43): inferring latch(es) for signal or variable "var_load_h2", which holds its previous value in one or more paths through the process
Info (10041): Inferred latch for "var_load_h2[0]" at test.vhd(54)
Info (10041): Inferred latch for "var_load_h2[1]" at test.vhd(54)
Info (10041): Inferred latch for "var_load_h2[2]" at test.vhd(54)
Info (10041): Inferred latch for "var_load_h2[3]" at test.vhd(54)
Info (10041): Inferred latch for "var_load_h1[0]" at test.vhd(54)
Info (10041): Inferred latch for "var_load_h1[1]" at test.vhd(54)
Info (10041): Inferred latch for "var_load_h1[2]" at test.vhd(54)
Info (10041): Inferred latch for "var_load_h1[3]" at test.vhd(54)
Info (10041): Inferred latch for "var_load_min2[0]" at test.vhd(54)
Info (10041): Inferred latch for "var_load_min2[1]" at test.vhd(54)
Info (10041): Inferred latch for "var_load_min2[2]" at test.vhd(54)
Info (10041): Inferred latch for "var_load_min2[3]" at test.vhd(54)
Info (10041): Inferred latch for "var_load_min1[0]" at test.vhd(54)
Info (10041): Inferred latch for "var_load_min1[1]" at test.vhd(54)
Info (10041): Inferred latch for "var_load_min1[2]" at test.vhd(54)
Info (10041): Inferred latch for "var_load_min1[3]" at test.vhd(54)
Info (10041): Inferred latch for "var_load_sec2[0]" at test.vhd(54)
Info (10041): Inferred latch for "var_load_sec2[1]" at test.vhd(54)
Info (10041): Inferred latch for "var_load_sec2[2]" at test.vhd(54)
Info (10041): Inferred latch for "var_load_sec2[3]" at test.vhd(54)
Info (12128): Elaborating entity "ClockDivider" for hierarchy "test:adapt_clock|ClockDivider:adapt_clock"
Info (12128): Elaborating entity "mod10" for hierarchy "test:adapt_clock|mod10:second1"
Warning (10492): VHDL Process Statement warning at mod10.vhd(33): signal "load" is read inside the Process Statement but isn't in the Process Statement's sensitivity list
Info (12128): Elaborating entity "display_7seg" for hierarchy "test:adapt_clock|display_7seg:display_0"
Warning (13012): Latch test:adapt_clock|var_load_min1[1] has unsafe behavior
    Warning (13013): Ports D and ENA on the latch are fed by the same signal test:adapt_clock|var_load_sec2[1]
Warning (13012): Latch test:adapt_clock|var_load_min1[3] has unsafe behavior
    Warning (13013): Ports D and ENA on the latch are fed by the same signal test:adapt_clock|var_load_sec2[1]
Warning (13012): Latch test:adapt_clock|var_load_sec2[1] has unsafe behavior
    Warning (13013): Ports D and ENA on the latch are fed by the same signal test:adapt_clock|mod10:second1|output[0]
Warning (13012): Latch test:adapt_clock|var_load_sec2[2] has unsafe behavior
    Warning (13013): Ports D and ENA on the latch are fed by the same signal test:adapt_clock|mod10:second1|output[0]
Warning (13012): Latch test:adapt_clock|var_load_h1[0] has unsafe behavior
    Warning (13013): Ports D and ENA on the latch are fed by the same signal test:adapt_clock|var_load_min2[3]
Warning (13012): Latch test:adapt_clock|var_load_h1[2] has unsafe behavior
    Warning (13013): Ports D and ENA on the latch are fed by the same signal test:adapt_clock|var_load_min2[3]
Warning (13012): Latch test:adapt_clock|var_load_h2[0] has unsafe behavior
    Warning (13013): Ports D and ENA on the latch are fed by the same signal test:adapt_clock|var_load_h2[0]
Warning (13012): Latch test:adapt_clock|var_load_h2[1] has unsafe behavior
    Warning (13013): Ports D and ENA on the latch are fed by the same signal test:adapt_clock|var_load_h2[1]
Warning (13012): Latch test:adapt_clock|var_load_h2[2] has unsafe behavior
    Warning (13013): Ports D and ENA on the latch are fed by the same signal test:adapt_clock|var_load_h2[2]
Warning (13012): Latch test:adapt_clock|var_load_h2[3] has unsafe behavior
    Warning (13013): Ports D and ENA on the latch are fed by the same signal test:adapt_clock|var_load_h2[3]
Warning (13024): Output pins are stuck at VCC or GND
    Warning (13410): Pin "LEDR[0]" is stuck at GND
    Warning (13410): Pin "LEDR[1]" is stuck at GND
    Warning (13410): Pin "LEDR[2]" is stuck at GND
    Warning (13410): Pin "LEDR[3]" is stuck at GND
    Warning (13410): Pin "LEDR[4]" is stuck at GND
    Warning (13410): Pin "LEDR[5]" is stuck at GND
    Warning (13410): Pin "LEDR[6]" is stuck at GND
    Warning (13410): Pin "LEDR[7]" is stuck at GND
    Warning (13410): Pin "LEDR[8]" is stuck at GND
    Warning (13410): Pin "LEDR[9]" is stuck at GND
    Warning (13410): Pin "LEDG[0]" is stuck at GND
    Warning (13410): Pin "LEDG[1]" is stuck at GND
    Warning (13410): Pin "LEDG[2]" is stuck at GND
    Warning (13410): Pin "LEDG[3]" is stuck at GND
    Warning (13410): Pin "LEDG[4]" is stuck at GND
    Warning (13410): Pin "LEDG[5]" is stuck at GND
    Warning (13410): Pin "LEDG[6]" is stuck at GND
    Warning (13410): Pin "LEDG[7]" is stuck at GND
Info (17049): 20 registers lost all their fanouts during netlist optimizations.
Info (16010): Generating hard_block partition "hard_block:auto_generated_inst"
    Info (16011): Adding 0 node(s), including 0 DDIO, 0 PLL, 0 transceiver and 0 LCELL
Warning (21074): Design contains 12 input pin(s) that do not drive logic
    Warning (15610): No output dependent on input pin "SW[2]"
    Warning (15610): No output dependent on input pin "SW[3]"
    Warning (15610): No output dependent on input pin "SW[4]"
    Warning (15610): No output dependent on input pin "SW[5]"
    Warning (15610): No output dependent on input pin "SW[6]"
    Warning (15610): No output dependent on input pin "SW[7]"
    Warning (15610): No output dependent on input pin "SW[8]"
    Warning (15610): No output dependent on input pin "SW[9]"
    Warning (15610): No output dependent on input pin "KEY[0]"
    Warning (15610): No output dependent on input pin "KEY[1]"
    Warning (15610): No output dependent on input pin "KEY[2]"
    Warning (15610): No output dependent on input pin "KEY[3]"
Info (21057): Implemented 223 device resources after synthesis - the final resource count might be different
    Info (21058): Implemented 15 input pins
    Info (21059): Implemented 46 output pins
    Info (21061): Implemented 162 logic cells
Info: Quartus II 32-bit Analysis & Synthesis was successful. 0 errors, 93 warnings
    Info: Peak virtual memory: 364 megabytes
    Info: Processing ended: Tue May  9 13:49:58 2017
    Info: Elapsed time: 00:00:02
    Info: Total CPU time (on all processors): 00:00:02


